c:\users\davide  busato\documents\visual studio 2015\projects\qtprojects\qtraycasting\qtraycasting\x64\debug\vc140.pdb
c:\users\davide  busato\documents\visual studio 2015\projects\qtprojects\qtraycasting\qtraycasting\x64\debug\qrc_mainwindow.obj
c:\users\davide  busato\documents\visual studio 2015\projects\qtprojects\qtraycasting\qtraycasting\x64\debug\raycasting.obj
c:\users\davide  busato\documents\visual studio 2015\projects\qtprojects\qtraycasting\qtraycasting\x64\debug\mainwindow.obj
c:\users\davide  busato\documents\visual studio 2015\projects\qtprojects\qtraycasting\qtraycasting\x64\debug\main.obj
c:\users\davide  busato\documents\visual studio 2015\projects\qtprojects\qtraycasting\qtraycasting\x64\debug\moc_mainwindow.obj
c:\users\davide  busato\documents\visual studio 2015\projects\qtprojects\qtraycasting\qtraycasting\x64\debug\moc_raycasting.obj
c:\users\davide  busato\documents\visual studio 2015\projects\qtprojects\qtraycasting\qtraycasting\generatedfiles\qrc_mainwindow.cpp
c:\users\davide  busato\documents\visual studio 2015\projects\qtprojects\qtraycasting\qtraycasting\generatedfiles\ui_mainwindow.h
c:\users\davide  busato\documents\visual studio 2015\projects\qtprojects\qtraycasting\qtraycasting\generatedfiles\debug\moc_raycasting.cpp
c:\users\davide  busato\documents\visual studio 2015\projects\qtprojects\qtraycasting\qtraycasting\generatedfiles\debug\moc_mainwindow.cpp
c:\users\davide  busato\documents\visual studio 2015\projects\qtprojects\qtraycasting\x64\debug\qtraycasting.ilk
c:\users\davide  busato\documents\visual studio 2015\projects\qtprojects\qtraycasting\x64\debug\qtraycasting.exe
c:\users\davide  busato\documents\visual studio 2015\projects\qtprojects\qtraycasting\x64\debug\qtraycasting.pdb
c:\users\davide~1\appdata\local\temp\lnk{8a467a2f-42ce-46c1-a5a5-c8e5d00759b8}.tmp
c:\users\davide  busato\documents\visual studio 2015\projects\qtprojects\qtraycasting\qtraycasting\x64\debug\qtraycasting.tlog\cl.command.1.tlog
c:\users\davide  busato\documents\visual studio 2015\projects\qtprojects\qtraycasting\qtraycasting\x64\debug\qtraycasting.tlog\cl.read.1.tlog
c:\users\davide  busato\documents\visual studio 2015\projects\qtprojects\qtraycasting\qtraycasting\x64\debug\qtraycasting.tlog\cl.write.1.tlog
c:\users\davide  busato\documents\visual studio 2015\projects\qtprojects\qtraycasting\qtraycasting\x64\debug\qtraycasting.tlog\custombuild.command.1.tlog
c:\users\davide  busato\documents\visual studio 2015\projects\qtprojects\qtraycasting\qtraycasting\x64\debug\qtraycasting.tlog\custombuild.read.1.tlog
c:\users\davide  busato\documents\visual studio 2015\projects\qtprojects\qtraycasting\qtraycasting\x64\debug\qtraycasting.tlog\custombuild.write.1.tlog
c:\users\davide  busato\documents\visual studio 2015\projects\qtprojects\qtraycasting\qtraycasting\x64\debug\qtraycasting.tlog\icl-mcpcom.read.1.tlog
c:\users\davide  busato\documents\visual studio 2015\projects\qtprojects\qtraycasting\qtraycasting\x64\debug\qtraycasting.tlog\icl-mcpcom.write.1.tlog
c:\users\davide  busato\documents\visual studio 2015\projects\qtprojects\qtraycasting\qtraycasting\x64\debug\qtraycasting.tlog\icl.command.1.tlog
c:\users\davide  busato\documents\visual studio 2015\projects\qtprojects\qtraycasting\qtraycasting\x64\debug\qtraycasting.tlog\icl.read.1.tlog
c:\users\davide  busato\documents\visual studio 2015\projects\qtprojects\qtraycasting\qtraycasting\x64\debug\qtraycasting.tlog\icl.write.1.tlog
c:\users\davide  busato\documents\visual studio 2015\projects\qtprojects\qtraycasting\qtraycasting\x64\debug\qtraycasting.tlog\link.command.1.tlog
c:\users\davide  busato\documents\visual studio 2015\projects\qtprojects\qtraycasting\qtraycasting\x64\debug\qtraycasting.tlog\link.read.1.tlog
c:\users\davide  busato\documents\visual studio 2015\projects\qtprojects\qtraycasting\qtraycasting\x64\debug\qtraycasting.tlog\link.write.1.tlog
c:\users\davide  busato\documents\visual studio 2015\projects\qtprojects\qtraycasting\qtraycasting\x64\debug\qtraycasting.tlog\xilink-link-cvtres.read.1.tlog
c:\users\davide  busato\documents\visual studio 2015\projects\qtprojects\qtraycasting\qtraycasting\x64\debug\qtraycasting.tlog\xilink-link-cvtres.write.1.tlog
c:\users\davide  busato\documents\visual studio 2015\projects\qtprojects\qtraycasting\qtraycasting\x64\debug\qtraycasting.tlog\xilink-link-rc.read.1.tlog
c:\users\davide  busato\documents\visual studio 2015\projects\qtprojects\qtraycasting\qtraycasting\x64\debug\qtraycasting.tlog\xilink-link-rc.write.1.tlog
c:\users\davide  busato\documents\visual studio 2015\projects\qtprojects\qtraycasting\qtraycasting\x64\debug\qtraycasting.tlog\xilink-link.read.1.tlog
c:\users\davide  busato\documents\visual studio 2015\projects\qtprojects\qtraycasting\qtraycasting\x64\debug\qtraycasting.tlog\xilink-link.read.2.tlog
c:\users\davide  busato\documents\visual studio 2015\projects\qtprojects\qtraycasting\qtraycasting\x64\debug\qtraycasting.tlog\xilink-link.write.1.tlog
c:\users\davide  busato\documents\visual studio 2015\projects\qtprojects\qtraycasting\qtraycasting\x64\debug\qtraycasting.tlog\xilink-mcpcom.read.1.tlog
c:\users\davide  busato\documents\visual studio 2015\projects\qtprojects\qtraycasting\qtraycasting\x64\debug\qtraycasting.tlog\xilink-mcpcom.write.1.tlog
c:\users\davide  busato\documents\visual studio 2015\projects\qtprojects\qtraycasting\qtraycasting\x64\debug\qtraycasting.tlog\xilink.command.1.tlog
c:\users\davide  busato\documents\visual studio 2015\projects\qtprojects\qtraycasting\qtraycasting\x64\debug\qtraycasting.tlog\xilink.read.1.tlog
c:\users\davide  busato\documents\visual studio 2015\projects\qtprojects\qtraycasting\qtraycasting\x64\debug\qtraycasting.tlog\xilink.write.1.tlog
