c:\users\davide  busato\documents\visual studio 2015\projects\qtprojects\qtraycasting\qtraycasting\x64\release\qrc_mainwindow.obj
c:\users\davide  busato\documents\visual studio 2015\projects\qtprojects\qtraycasting\qtraycasting\x64\release\raycaster.obj
c:\users\davide  busato\documents\visual studio 2015\projects\qtprojects\qtraycasting\qtraycasting\x64\release\mainwindow.obj
c:\users\davide  busato\documents\visual studio 2015\projects\qtprojects\qtraycasting\qtraycasting\x64\release\main.obj
c:\users\davide  busato\documents\visual studio 2015\projects\qtprojects\qtraycasting\qtraycasting\x64\release\moc_raycaster.obj
c:\users\davide  busato\documents\visual studio 2015\projects\qtprojects\qtraycasting\qtraycasting\x64\release\moc_mainwindow.obj
c:\users\davide  busato\documents\visual studio 2015\projects\qtprojects\qtraycasting\qtraycasting\generatedfiles\release\moc_mainwindow.cpp
c:\users\davide  busato\documents\visual studio 2015\projects\qtprojects\qtraycasting\qtraycasting\generatedfiles\ui_mainwindow.h
c:\users\davide  busato\documents\visual studio 2015\projects\qtprojects\qtraycasting\qtraycasting\generatedfiles\release\moc_raycaster.cpp
c:\users\davide  busato\documents\visual studio 2015\projects\qtprojects\qtraycasting\qtraycasting\generatedfiles\qrc_mainwindow.cpp
c:\users\davide  busato\documents\visual studio 2015\projects\qtprojects\qtraycasting\x64\release\qtraycasting.exe
c:\users\davide  busato\documents\visual studio 2015\projects\qtprojects\qtraycasting\x64\release\qtraycasting.pdb
c:\users\davide~1\appdata\local\temp\lnk{409562d6-6613-47c4-aff4-90ed1c48db38}.tmp
c:\users\davide~1\appdata\local\temp\lnk{0256a2cd-27c4-4486-a495-f68365a7f84d}.tmp
c:\users\davide~1\appdata\local\temp\lnk{5f99e9ef-5923-4c9a-9539-83068e0e12b8}.tmp
c:\users\davide~1\appdata\local\temp\lnk{b2943d99-4722-4bdb-959e-ac190b70a35e}.tmp
c:\users\davide~1\appdata\local\temp\lnk{e38e8701-1c36-4b72-8e08-e68ee8cf2a08}.tmp
c:\users\davide  busato\documents\visual studio 2015\projects\qtprojects\qtraycasting\qtraycasting\x64\release\qtraycasting.tlog\cl.command.1.tlog
c:\users\davide  busato\documents\visual studio 2015\projects\qtprojects\qtraycasting\qtraycasting\x64\release\qtraycasting.tlog\cl.read.1.tlog
c:\users\davide  busato\documents\visual studio 2015\projects\qtprojects\qtraycasting\qtraycasting\x64\release\qtraycasting.tlog\cl.write.1.tlog
c:\users\davide  busato\documents\visual studio 2015\projects\qtprojects\qtraycasting\qtraycasting\x64\release\qtraycasting.tlog\custombuild.command.1.tlog
c:\users\davide  busato\documents\visual studio 2015\projects\qtprojects\qtraycasting\qtraycasting\x64\release\qtraycasting.tlog\custombuild.read.1.tlog
c:\users\davide  busato\documents\visual studio 2015\projects\qtprojects\qtraycasting\qtraycasting\x64\release\qtraycasting.tlog\custombuild.write.1.tlog
c:\users\davide  busato\documents\visual studio 2015\projects\qtprojects\qtraycasting\qtraycasting\x64\release\qtraycasting.tlog\icl-mcpcom.read.1.tlog
c:\users\davide  busato\documents\visual studio 2015\projects\qtprojects\qtraycasting\qtraycasting\x64\release\qtraycasting.tlog\icl-mcpcom.write.1.tlog
c:\users\davide  busato\documents\visual studio 2015\projects\qtprojects\qtraycasting\qtraycasting\x64\release\qtraycasting.tlog\icl.command.1.tlog
c:\users\davide  busato\documents\visual studio 2015\projects\qtprojects\qtraycasting\qtraycasting\x64\release\qtraycasting.tlog\icl.read.1.tlog
c:\users\davide  busato\documents\visual studio 2015\projects\qtprojects\qtraycasting\qtraycasting\x64\release\qtraycasting.tlog\icl.write.1.tlog
c:\users\davide  busato\documents\visual studio 2015\projects\qtprojects\qtraycasting\qtraycasting\x64\release\qtraycasting.tlog\link.command.1.tlog
c:\users\davide  busato\documents\visual studio 2015\projects\qtprojects\qtraycasting\qtraycasting\x64\release\qtraycasting.tlog\link.read.1.tlog
c:\users\davide  busato\documents\visual studio 2015\projects\qtprojects\qtraycasting\qtraycasting\x64\release\qtraycasting.tlog\link.write.1.tlog
c:\users\davide  busato\documents\visual studio 2015\projects\qtprojects\qtraycasting\qtraycasting\x64\release\qtraycasting.tlog\xilink-link-cvtres.read.1.tlog
c:\users\davide  busato\documents\visual studio 2015\projects\qtprojects\qtraycasting\qtraycasting\x64\release\qtraycasting.tlog\xilink-link-cvtres.write.1.tlog
c:\users\davide  busato\documents\visual studio 2015\projects\qtprojects\qtraycasting\qtraycasting\x64\release\qtraycasting.tlog\xilink-link-rc.read.1.tlog
c:\users\davide  busato\documents\visual studio 2015\projects\qtprojects\qtraycasting\qtraycasting\x64\release\qtraycasting.tlog\xilink-link-rc.write.1.tlog
c:\users\davide  busato\documents\visual studio 2015\projects\qtprojects\qtraycasting\qtraycasting\x64\release\qtraycasting.tlog\xilink-link.read.1.tlog
c:\users\davide  busato\documents\visual studio 2015\projects\qtprojects\qtraycasting\qtraycasting\x64\release\qtraycasting.tlog\xilink-link.write.1.tlog
c:\users\davide  busato\documents\visual studio 2015\projects\qtprojects\qtraycasting\qtraycasting\x64\release\qtraycasting.tlog\xilink-mcpcom.read.1.tlog
c:\users\davide  busato\documents\visual studio 2015\projects\qtprojects\qtraycasting\qtraycasting\x64\release\qtraycasting.tlog\xilink-mcpcom.write.1.tlog
c:\users\davide  busato\documents\visual studio 2015\projects\qtprojects\qtraycasting\qtraycasting\x64\release\qtraycasting.tlog\xilink.command.1.tlog
c:\users\davide  busato\documents\visual studio 2015\projects\qtprojects\qtraycasting\qtraycasting\x64\release\qtraycasting.tlog\xilink.read.1.tlog
c:\users\davide  busato\documents\visual studio 2015\projects\qtprojects\qtraycasting\qtraycasting\x64\release\qtraycasting.tlog\xilink.write.1.tlog
